<?xml version="1.0" encoding="UTF-8"?>
<coverage generated="1682455948103" clover="3.2.0">
  <project timestamp="1682455948103" name="All files">
    <metrics statements="91" coveredstatements="91" conditionals="40" coveredconditionals="40" methods="39" coveredmethods="39" elements="170" coveredelements="170" complexity="0" loc="91" ncloc="91" packages="10" files="11" classes="11"/>
    <package name="components.Header">
      <metrics statements="10" coveredstatements="10" conditionals="10" coveredconditionals="10" methods="6" coveredmethods="6"/>
      <file name="index.tsx" path="C:\Users\anacl\Documents\stone\PostcardShopping\src\components\Header\index.tsx">
        <metrics statements="10" coveredstatements="10" conditionals="10" coveredconditionals="10" methods="6" coveredmethods="6"/>
        <line num="20" count="22" type="stmt"/>
        <line num="22" count="22" type="stmt"/>
        <line num="24" count="22" type="cond" truecount="2" falsecount="0"/>
        <line num="25" count="8" type="stmt"/>
        <line num="27" count="22" type="stmt"/>
        <line num="29" count="22" type="stmt"/>
        <line num="35" count="1" type="stmt"/>
        <line num="45" count="1" type="stmt"/>
        <line num="61" count="1" type="stmt"/>
        <line num="70" count="4" type="stmt"/>
      </file>
    </package>
    <package name="components.InputSpinner">
      <metrics statements="7" coveredstatements="7" conditionals="10" coveredconditionals="10" methods="4" coveredmethods="4"/>
      <file name="index.tsx" path="C:\Users\anacl\Documents\stone\PostcardShopping\src\components\InputSpinner\index.tsx">
        <metrics statements="7" coveredstatements="7" conditionals="10" coveredconditionals="10" methods="4" coveredmethods="4"/>
        <line num="21" count="10" type="stmt"/>
        <line num="22" count="10" type="stmt"/>
        <line num="23" count="10" type="stmt"/>
        <line num="27" count="1" type="stmt"/>
        <line num="49" count="1" type="stmt"/>
        <line num="61" count="5" type="stmt"/>
        <line num="62" count="10" type="stmt"/>
      </file>
    </package>
    <package name="components.ProductTile">
      <metrics statements="10" coveredstatements="10" conditionals="2" coveredconditionals="2" methods="5" coveredmethods="5"/>
      <file name="index.tsx" path="C:\Users\anacl\Documents\stone\PostcardShopping\src\components\ProductTile\index.tsx">
        <metrics statements="10" coveredstatements="10" conditionals="2" coveredconditionals="2" methods="5" coveredmethods="5"/>
        <line num="14" count="6" type="stmt"/>
        <line num="15" count="6" type="stmt"/>
        <line num="17" count="6" type="stmt"/>
        <line num="18" count="6" type="stmt"/>
        <line num="21" count="6" type="stmt"/>
        <line num="22" count="4" type="stmt"/>
        <line num="25" count="6" type="stmt"/>
        <line num="30" count="1" type="stmt"/>
        <line num="56" count="1" type="stmt"/>
        <line num="66" count="2" type="stmt"/>
      </file>
    </package>
    <package name="hooks">
      <metrics statements="19" coveredstatements="19" conditionals="0" coveredconditionals="0" methods="6" coveredmethods="6"/>
      <file name="useProducts.ts" path="C:\Users\anacl\Documents\stone\PostcardShopping\src\hooks\useProducts.ts">
        <metrics statements="19" coveredstatements="19" conditionals="0" coveredconditionals="0" methods="6" coveredmethods="6"/>
        <line num="6" count="14" type="stmt"/>
        <line num="7" count="14" type="stmt"/>
        <line num="8" count="14" type="stmt"/>
        <line num="9" count="14" type="stmt"/>
        <line num="10" count="14" type="stmt"/>
        <line num="12" count="14" type="stmt"/>
        <line num="14" count="14" type="stmt"/>
        <line num="15" count="4" type="stmt"/>
        <line num="18" count="2" type="stmt"/>
        <line num="19" count="2" type="stmt"/>
        <line num="20" count="4" type="stmt"/>
        <line num="25" count="2" type="stmt"/>
        <line num="26" count="2" type="stmt"/>
        <line num="27" count="2" type="stmt"/>
        <line num="30" count="2" type="stmt"/>
        <line num="31" count="2" type="stmt"/>
        <line num="35" count="14" type="stmt"/>
        <line num="36" count="4" type="stmt"/>
        <line num="39" count="14" type="stmt"/>
      </file>
    </package>
    <package name="screens.ProductDetail">
      <metrics statements="12" coveredstatements="12" conditionals="2" coveredconditionals="2" methods="5" coveredmethods="5"/>
      <file name="index.tsx" path="C:\Users\anacl\Documents\stone\PostcardShopping\src\screens\ProductDetail\index.tsx">
        <metrics statements="12" coveredstatements="12" conditionals="2" coveredconditionals="2" methods="5" coveredmethods="5"/>
        <line num="23" count="5" type="stmt"/>
        <line num="25" count="5" type="stmt"/>
        <line num="27" count="5" type="stmt"/>
        <line num="28" count="5" type="stmt"/>
        <line num="31" count="5" type="stmt"/>
        <line num="32" count="5" type="stmt"/>
        <line num="35" count="5" type="stmt"/>
        <line num="37" count="5" type="stmt"/>
        <line num="38" count="1" type="stmt"/>
        <line num="41" count="5" type="stmt"/>
        <line num="69" count="1" type="stmt"/>
        <line num="90" count="1" type="stmt"/>
      </file>
    </package>
    <package name="screens.Products">
      <metrics statements="4" coveredstatements="4" conditionals="4" coveredconditionals="4" methods="2" coveredmethods="2"/>
      <file name="index.tsx" path="C:\Users\anacl\Documents\stone\PostcardShopping\src\screens\Products\index.tsx">
        <metrics statements="4" coveredstatements="4" conditionals="4" coveredconditionals="4" methods="2" coveredmethods="2"/>
        <line num="16" count="7" type="stmt"/>
        <line num="18" count="7" type="stmt"/>
        <line num="43" count="2" type="stmt"/>
        <line num="53" count="1" type="stmt"/>
      </file>
    </package>
    <package name="screens.ShoppingCart">
      <metrics statements="9" coveredstatements="9" conditionals="2" coveredconditionals="2" methods="5" coveredmethods="5"/>
      <file name="index.tsx" path="C:\Users\anacl\Documents\stone\PostcardShopping\src\screens\ShoppingCart\index.tsx">
        <metrics statements="9" coveredstatements="9" conditionals="2" coveredconditionals="2" methods="5" coveredmethods="5"/>
        <line num="17" count="3" type="stmt"/>
        <line num="19" count="3" type="stmt"/>
        <line num="20" count="3" type="stmt"/>
        <line num="21" count="3" type="stmt"/>
        <line num="23" count="3" type="stmt"/>
        <line num="37" count="2" type="stmt"/>
        <line num="38" count="2" type="stmt"/>
        <line num="45" count="1" type="stmt"/>
        <line num="90" count="1" type="stmt"/>
      </file>
    </package>
    <package name="store">
      <metrics statements="3" coveredstatements="3" conditionals="0" coveredconditionals="0" methods="0" coveredmethods="0"/>
      <file name="hooks.ts" path="C:\Users\anacl\Documents\stone\PostcardShopping\src\store\hooks.ts">
        <metrics statements="2" coveredstatements="2" conditionals="0" coveredconditionals="0" methods="0" coveredmethods="0"/>
        <line num="5" count="6" type="stmt"/>
        <line num="6" count="6" type="stmt"/>
      </file>
      <file name="index.ts" path="C:\Users\anacl\Documents\stone\PostcardShopping\src\store\index.ts">
        <metrics statements="1" coveredstatements="1" conditionals="0" coveredconditionals="0" methods="0" coveredmethods="0"/>
        <line num="4" count="1" type="stmt"/>
      </file>
    </package>
    <package name="store.shoppingCart">
      <metrics statements="13" coveredstatements="13" conditionals="6" coveredconditionals="6" methods="4" coveredmethods="4"/>
      <file name="shoppingCartSlice.ts" path="C:\Users\anacl\Documents\stone\PostcardShopping\src\store\shoppingCart\shoppingCartSlice.ts">
        <metrics statements="13" coveredstatements="13" conditionals="6" coveredconditionals="6" methods="4" coveredmethods="4"/>
        <line num="14" count="7" type="stmt"/>
        <line num="18" count="7" type="stmt"/>
        <line num="23" count="3" type="stmt"/>
        <line num="24" count="2" type="stmt"/>
        <line num="27" count="3" type="cond" truecount="2" falsecount="0"/>
        <line num="32" count="3" type="stmt"/>
        <line num="33" count="4" type="stmt"/>
        <line num="36" count="3" type="cond" truecount="2" falsecount="0"/>
        <line num="37" count="2" type="cond" truecount="2" falsecount="0"/>
        <line num="38" count="1" type="stmt"/>
        <line num="40" count="1" type="stmt"/>
        <line num="41" count="1" type="stmt"/>
        <line num="48" count="7" type="stmt"/>
      </file>
    </package>
    <package name="utils">
      <metrics statements="4" coveredstatements="4" conditionals="4" coveredconditionals="4" methods="2" coveredmethods="2"/>
      <file name="test-utils.tsx" path="C:\Users\anacl\Documents\stone\PostcardShopping\src\utils\test-utils.tsx">
        <metrics statements="4" coveredstatements="4" conditionals="4" coveredconditionals="4" methods="2" coveredmethods="2"/>
        <line num="22" count="26" type="cond" truecount="2" falsecount="0"/>
        <line num="25" count="26" type="cond" truecount="2" falsecount="0"/>
        <line num="34" count="26" type="stmt"/>
        <line num="37" count="26" type="stmt"/>
      </file>
    </package>
  </project>
</coverage>
