<?xml version="1.0" encoding="UTF-8"?>
<coverage generated="1682443969869" clover="3.2.0">
  <project timestamp="1682443969869" name="All files">
    <metrics statements="26" coveredstatements="16" conditionals="20" coveredconditionals="14" methods="10" coveredmethods="6" elements="56" coveredelements="36" complexity="0" loc="26" ncloc="26" packages="4" files="4" classes="4"/>
    <package name="components.InputSpinner">
      <metrics statements="7" coveredstatements="7" conditionals="10" coveredconditionals="10" methods="4" coveredmethods="4"/>
      <file name="index.tsx" path="C:\Users\anacl\Documents\stone\PostcardShopping\src\components\InputSpinner\index.tsx">
        <metrics statements="7" coveredstatements="7" conditionals="10" coveredconditionals="10" methods="4" coveredmethods="4"/>
        <line num="21" count="5" type="stmt"/>
        <line num="22" count="5" type="stmt"/>
        <line num="23" count="5" type="stmt"/>
        <line num="27" count="1" type="stmt"/>
        <line num="49" count="1" type="stmt"/>
        <line num="61" count="1" type="stmt"/>
        <line num="62" count="5" type="stmt"/>
      </file>
    </package>
    <package name="store">
      <metrics statements="2" coveredstatements="2" conditionals="0" coveredconditionals="0" methods="0" coveredmethods="0"/>
      <file name="hooks.ts" path="C:\Users\anacl\Documents\stone\PostcardShopping\src\store\hooks.ts">
        <metrics statements="2" coveredstatements="2" conditionals="0" coveredconditionals="0" methods="0" coveredmethods="0"/>
        <line num="5" count="1" type="stmt"/>
        <line num="6" count="1" type="stmt"/>
      </file>
    </package>
    <package name="store.shoppingCart">
      <metrics statements="13" coveredstatements="3" conditionals="6" coveredconditionals="0" methods="4" coveredmethods="0"/>
      <file name="shoppingCartSlice.ts" path="C:\Users\anacl\Documents\stone\PostcardShopping\src\store\shoppingCart\shoppingCartSlice.ts">
        <metrics statements="13" coveredstatements="3" conditionals="6" coveredconditionals="0" methods="4" coveredmethods="0"/>
        <line num="14" count="1" type="stmt"/>
        <line num="18" count="1" type="stmt"/>
        <line num="23" count="0" type="stmt"/>
        <line num="24" count="0" type="stmt"/>
        <line num="27" count="0" type="cond" truecount="0" falsecount="2"/>
        <line num="32" count="0" type="stmt"/>
        <line num="33" count="0" type="stmt"/>
        <line num="36" count="0" type="cond" truecount="0" falsecount="2"/>
        <line num="37" count="0" type="cond" truecount="0" falsecount="2"/>
        <line num="38" count="0" type="stmt"/>
        <line num="40" count="0" type="stmt"/>
        <line num="41" count="0" type="stmt"/>
        <line num="48" count="1" type="stmt"/>
      </file>
    </package>
    <package name="utils">
      <metrics statements="4" coveredstatements="4" conditionals="4" coveredconditionals="4" methods="2" coveredmethods="2"/>
      <file name="test-utils.tsx" path="C:\Users\anacl\Documents\stone\PostcardShopping\src\utils\test-utils.tsx">
        <metrics statements="4" coveredstatements="4" conditionals="4" coveredconditionals="4" methods="2" coveredmethods="2"/>
        <line num="22" count="5" type="cond" truecount="2" falsecount="0"/>
        <line num="25" count="5" type="cond" truecount="2" falsecount="0"/>
        <line num="34" count="5" type="stmt"/>
        <line num="37" count="5" type="stmt"/>
      </file>
    </package>
  </project>
</coverage>
