{"C:\\Users\\anacl\\Documents\\stone\\PostcardShopping\\src\\components\\InputSpinner\\index.tsx": {"path":"C:\\Users\\anacl\\Documents\\stone\\PostcardShopping\\src\\components\\InputSpinner\\index.tsx","statementMap":{"0":{"start":{"line":21,"column":19},"end":{"line":21,"column":35}},"1":{"start":{"line":22,"column":17},"end":{"line":22,"column":36}},"2":{"start":{"line":23,"column":2},"end":{"line":58,"column":4}},"3":{"start":{"line":27,"column":23},"end":{"line":27,"column":55}},"4":{"start":{"line":49,"column":23},"end":{"line":49,"column":52}},"5":{"start":{"line":61,"column":16},"end":{"line":118,"column":4}},"6":{"start":{"line":62,"column":2},"end":{"line":118,"column":4}}},"fnMap":{"0":{"name":"InputSpinner","decl":{"start":{"line":20,"column":9},"end":{"line":20,"column":21}},"loc":{"start":{"line":20,"column":56},"end":{"line":59,"column":1}},"line":20},"1":{"name":"(anonymous_1)","decl":{"start":{"line":27,"column":17},"end":{"line":27,"column":18}},"loc":{"start":{"line":27,"column":23},"end":{"line":27,"column":55}},"line":27},"2":{"name":"(anonymous_2)","decl":{"start":{"line":49,"column":17},"end":{"line":49,"column":18}},"loc":{"start":{"line":49,"column":23},"end":{"line":49,"column":52}},"line":49},"3":{"name":"(anonymous_3)","decl":{"start":{"line":61,"column":16},"end":{"line":61,"column":17}},"loc":{"start":{"line":62,"column":2},"end":{"line":118,"column":4}},"line":62}},"branchMap":{"0":{"loc":{"start":{"line":28,"column":9},"end":{"line":42,"column":9}},"type":"cond-expr","locations":[{"start":{"line":29,"column":10},"end":{"line":34,"column":12}},{"start":{"line":36,"column":10},"end":{"line":41,"column":12}}],"line":28},"1":{"loc":{"start":{"line":64,"column":6},"end":{"line":77,"column":11}},"type":"cond-expr","locations":[{"start":{"line":65,"column":10},"end":{"line":71,"column":11}},{"start":{"line":72,"column":10},"end":{"line":77,"column":11}}],"line":64},"2":{"loc":{"start":{"line":79,"column":6},"end":{"line":91,"column":11}},"type":"cond-expr","locations":[{"start":{"line":80,"column":10},"end":{"line":85,"column":11}},{"start":{"line":86,"column":10},"end":{"line":91,"column":11}}],"line":79},"3":{"loc":{"start":{"line":94,"column":6},"end":{"line":106,"column":11}},"type":"cond-expr","locations":[{"start":{"line":95,"column":10},"end":{"line":98,"column":11}},{"start":{"line":99,"column":10},"end":{"line":106,"column":11}}],"line":94},"4":{"loc":{"start":{"line":109,"column":6},"end":{"line":117,"column":11}},"type":"cond-expr","locations":[{"start":{"line":110,"column":10},"end":{"line":110,"column":12}},{"start":{"line":111,"column":10},"end":{"line":117,"column":11}}],"line":109}},"s":{"0":5,"1":5,"2":5,"3":1,"4":1,"5":1,"6":5},"f":{"0":5,"1":1,"2":1,"3":5},"b":{"0":[2,3],"1":[4,1],"2":[4,1],"3":[4,1],"4":[4,1]},"_coverageSchema":"1a1c01bbd47fc00a2c39e90264f33305004495a9","hash":"df7aa421b391239282c9cccf56b7ae7d4c991fb3"}
,"C:\\Users\\anacl\\Documents\\stone\\PostcardShopping\\src\\store\\hooks.ts": {"path":"C:\\Users\\anacl\\Documents\\stone\\PostcardShopping\\src\\store\\hooks.ts","statementMap":{"0":{"start":{"line":5,"column":49},"end":{"line":5,"column":60}},"1":{"start":{"line":6,"column":63},"end":{"line":6,"column":74}}},"fnMap":{},"branchMap":{},"s":{"0":1,"1":1},"f":{},"b":{},"_coverageSchema":"1a1c01bbd47fc00a2c39e90264f33305004495a9","hash":"bd4d85400f592e8ae0b14a638808085d77f7d6ee"}
,"C:\\Users\\anacl\\Documents\\stone\\PostcardShopping\\src\\store\\shoppingCart\\shoppingCartSlice.ts": {"path":"C:\\Users\\anacl\\Documents\\stone\\PostcardShopping\\src\\store\\shoppingCart\\shoppingCartSlice.ts","statementMap":{"0":{"start":{"line":14,"column":40},"end":{"line":16,"column":1}},"1":{"start":{"line":18,"column":33},"end":{"line":46,"column":2}},"2":{"start":{"line":23,"column":30},"end":{"line":25,"column":7}},"3":{"start":{"line":24,"column":19},"end":{"line":24,"column":59}},"4":{"start":{"line":27,"column":6},"end":{"line":29,"column":70}},"5":{"start":{"line":32,"column":22},"end":{"line":34,"column":7}},"6":{"start":{"line":33,"column":19},"end":{"line":33,"column":59}},"7":{"start":{"line":36,"column":6},"end":{"line":43,"column":7}},"8":{"start":{"line":37,"column":8},"end":{"line":42,"column":9}},"9":{"start":{"line":38,"column":10},"end":{"line":38,"column":32}},"10":{"start":{"line":40,"column":24},"end":{"line":40,"column":55}},"11":{"start":{"line":41,"column":10},"end":{"line":41,"column":42}},"12":{"start":{"line":48,"column":43},"end":{"line":48,"column":68}}},"fnMap":{"0":{"name":"(anonymous_0)","decl":{"start":{"line":22,"column":16},"end":{"line":22,"column":17}},"loc":{"start":{"line":22,"column":59},"end":{"line":30,"column":5}},"line":22},"1":{"name":"(anonymous_1)","decl":{"start":{"line":24,"column":8},"end":{"line":24,"column":9}},"loc":{"start":{"line":24,"column":19},"end":{"line":24,"column":59}},"line":24},"2":{"name":"(anonymous_2)","decl":{"start":{"line":31,"column":19},"end":{"line":31,"column":20}},"loc":{"start":{"line":31,"column":62},"end":{"line":44,"column":5}},"line":31},"3":{"name":"(anonymous_3)","decl":{"start":{"line":33,"column":8},"end":{"line":33,"column":9}},"loc":{"start":{"line":33,"column":19},"end":{"line":33,"column":59}},"line":33}},"branchMap":{"0":{"loc":{"start":{"line":27,"column":6},"end":{"line":29,"column":69}},"type":"cond-expr","locations":[{"start":{"line":28,"column":11},"end":{"line":28,"column":40}},{"start":{"line":29,"column":10},"end":{"line":29,"column":69}}],"line":27},"1":{"loc":{"start":{"line":36,"column":6},"end":{"line":43,"column":7}},"type":"if","locations":[{"start":{"line":36,"column":6},"end":{"line":43,"column":7}},{"start":{},"end":{}}],"line":36},"2":{"loc":{"start":{"line":37,"column":8},"end":{"line":42,"column":9}},"type":"if","locations":[{"start":{"line":37,"column":8},"end":{"line":42,"column":9}},{"start":{"line":39,"column":15},"end":{"line":42,"column":9}}],"line":37}},"s":{"0":1,"1":1,"2":0,"3":0,"4":0,"5":0,"6":0,"7":0,"8":0,"9":0,"10":0,"11":0,"12":1},"f":{"0":0,"1":0,"2":0,"3":0},"b":{"0":[0,0],"1":[0,0],"2":[0,0]},"_coverageSchema":"1a1c01bbd47fc00a2c39e90264f33305004495a9","hash":"03c61a4ddd215267e4f3ae900bf9caa124661946"}
,"C:\\Users\\anacl\\Documents\\stone\\PostcardShopping\\src\\utils\\test-utils.tsx": {"path":"C:\\Users\\anacl\\Documents\\stone\\PostcardShopping\\src\\utils\\test-utils.tsx","statementMap":{"0":{"start":{"line":22,"column":29},"end":{"line":22,"column":42}},"1":{"start":{"line":25,"column":4},"end":{"line":31,"column":6}},"2":{"start":{"line":34,"column":4},"end":{"line":34,"column":56}},"3":{"start":{"line":37,"column":2},"end":{"line":37,"column":56}}},"fnMap":{"0":{"name":"renderWithProviders","decl":{"start":{"line":21,"column":9},"end":{"line":21,"column":28}},"loc":{"start":{"line":21,"column":78},"end":{"line":38,"column":1}},"line":21},"1":{"name":"Wrapper","decl":{"start":{"line":33,"column":11},"end":{"line":33,"column":18}},"loc":{"start":{"line":33,"column":64},"end":{"line":35,"column":3}},"line":33}},"branchMap":{"0":{"loc":{"start":{"line":22,"column":29},"end":{"line":22,"column":42}},"type":"binary-expr","locations":[{"start":{"line":22,"column":29},"end":{"line":22,"column":36}},{"start":{"line":22,"column":40},"end":{"line":22,"column":42}}],"line":22},"1":{"loc":{"start":{"line":25,"column":4},"end":{"line":31,"column":6}},"type":"binary-expr","locations":[{"start":{"line":25,"column":4},"end":{"line":25,"column":18}},{"start":{"line":26,"column":4},"end":{"line":31,"column":6}}],"line":25}},"s":{"0":5,"1":5,"2":5,"3":5},"f":{"0":5,"1":5},"b":{"0":[5,5],"1":[5,5]},"_coverageSchema":"1a1c01bbd47fc00a2c39e90264f33305004495a9","hash":"aec31a6bf5c747ace74f1a18729a5fa8f578f5a8"}
}
