{"C:\\Users\\anacl\\Documents\\stone\\PostcardShopping\\src\\components\\Header\\index.tsx": {"path":"C:\\Users\\anacl\\Documents\\stone\\PostcardShopping\\src\\components\\Header\\index.tsx","statementMap":{"0":{"start":{"line":20,"column":19},"end":{"line":20,"column":71}},"1":{"start":{"line":20,"column":43},"end":{"line":20,"column":70}},"2":{"start":{"line":22,"column":26},"end":{"line":22,"column":27}},"3":{"start":{"line":24,"column":4},"end":{"line":25,"column":72}},"4":{"start":{"line":25,"column":35},"end":{"line":25,"column":54}},"5":{"start":{"line":27,"column":21},"end":{"line":27,"column":48}},"6":{"start":{"line":29,"column":2},"end":{"line":67,"column":4}},"7":{"start":{"line":35,"column":12},"end":{"line":35,"column":32}},"8":{"start":{"line":45,"column":25},"end":{"line":45,"column":60}},"9":{"start":{"line":61,"column":12},"end":{"line":61,"column":32}},"10":{"start":{"line":70,"column":15},"end":{"line":102,"column":2}}},"fnMap":{"0":{"name":"Header","decl":{"start":{"line":15,"column":9},"end":{"line":15,"column":15}},"loc":{"start":{"line":19,"column":23},"end":{"line":68,"column":1}},"line":19},"1":{"name":"(anonymous_1)","decl":{"start":{"line":20,"column":34},"end":{"line":20,"column":35}},"loc":{"start":{"line":20,"column":43},"end":{"line":20,"column":70}},"line":20},"2":{"name":"(anonymous_2)","decl":{"start":{"line":25,"column":20},"end":{"line":25,"column":21}},"loc":{"start":{"line":25,"column":35},"end":{"line":25,"column":54}},"line":25},"3":{"name":"(anonymous_3)","decl":{"start":{"line":34,"column":19},"end":{"line":34,"column":20}},"loc":{"start":{"line":34,"column":25},"end":{"line":36,"column":11}},"line":34},"4":{"name":"(anonymous_4)","decl":{"start":{"line":45,"column":19},"end":{"line":45,"column":20}},"loc":{"start":{"line":45,"column":25},"end":{"line":45,"column":60}},"line":45},"5":{"name":"(anonymous_5)","decl":{"start":{"line":60,"column":19},"end":{"line":60,"column":20}},"loc":{"start":{"line":60,"column":25},"end":{"line":62,"column":11}},"line":60}},"branchMap":{"0":{"loc":{"start":{"line":24,"column":4},"end":{"line":25,"column":72}},"type":"binary-expr","locations":[{"start":{"line":24,"column":4},"end":{"line":24,"column":19}},{"start":{"line":25,"column":4},"end":{"line":25,"column":72}}],"line":24},"1":{"loc":{"start":{"line":31,"column":7},"end":{"line":39,"column":7}},"type":"binary-expr","locations":[{"start":{"line":31,"column":7},"end":{"line":31,"column":17}},{"start":{"line":32,"column":8},"end":{"line":38,"column":20}}],"line":31},"2":{"loc":{"start":{"line":41,"column":7},"end":{"line":55,"column":7}},"type":"binary-expr","locations":[{"start":{"line":41,"column":7},"end":{"line":41,"column":25}},{"start":{"line":42,"column":8},"end":{"line":54,"column":20}}],"line":41},"3":{"loc":{"start":{"line":47,"column":11},"end":{"line":53,"column":11}},"type":"binary-expr","locations":[{"start":{"line":47,"column":11},"end":{"line":47,"column":23}},{"start":{"line":48,"column":12},"end":{"line":52,"column":19}}],"line":47},"4":{"loc":{"start":{"line":56,"column":7},"end":{"line":65,"column":7}},"type":"binary-expr","locations":[{"start":{"line":56,"column":7},"end":{"line":56,"column":18}},{"start":{"line":57,"column":8},"end":{"line":64,"column":20}}],"line":56}},"s":{"0":8,"1":8,"2":8,"3":8,"4":1,"5":8,"6":8,"7":1,"8":1,"9":1,"10":1},"f":{"0":8,"1":8,"2":1,"3":1,"4":1,"5":1},"b":{"0":[8,1],"1":[8,6],"2":[8,6],"3":[6,1],"4":[8,2]},"_coverageSchema":"1a1c01bbd47fc00a2c39e90264f33305004495a9","hash":"b4dc5f89ccd9a46304e7911fdbacd7f92809b176"}
,"C:\\Users\\anacl\\Documents\\stone\\PostcardShopping\\src\\components\\InputSpinner\\index.tsx": {"path":"C:\\Users\\anacl\\Documents\\stone\\PostcardShopping\\src\\components\\InputSpinner\\index.tsx","statementMap":{"0":{"start":{"line":21,"column":19},"end":{"line":21,"column":35}},"1":{"start":{"line":22,"column":17},"end":{"line":22,"column":36}},"2":{"start":{"line":23,"column":2},"end":{"line":58,"column":4}},"3":{"start":{"line":27,"column":23},"end":{"line":27,"column":55}},"4":{"start":{"line":49,"column":23},"end":{"line":49,"column":52}},"5":{"start":{"line":61,"column":16},"end":{"line":118,"column":4}},"6":{"start":{"line":62,"column":2},"end":{"line":118,"column":4}}},"fnMap":{"0":{"name":"InputSpinner","decl":{"start":{"line":20,"column":9},"end":{"line":20,"column":21}},"loc":{"start":{"line":20,"column":56},"end":{"line":59,"column":1}},"line":20},"1":{"name":"(anonymous_1)","decl":{"start":{"line":27,"column":17},"end":{"line":27,"column":18}},"loc":{"start":{"line":27,"column":23},"end":{"line":27,"column":55}},"line":27},"2":{"name":"(anonymous_2)","decl":{"start":{"line":49,"column":17},"end":{"line":49,"column":18}},"loc":{"start":{"line":49,"column":23},"end":{"line":49,"column":52}},"line":49},"3":{"name":"(anonymous_3)","decl":{"start":{"line":61,"column":16},"end":{"line":61,"column":17}},"loc":{"start":{"line":62,"column":2},"end":{"line":118,"column":4}},"line":62}},"branchMap":{"0":{"loc":{"start":{"line":28,"column":9},"end":{"line":42,"column":9}},"type":"cond-expr","locations":[{"start":{"line":29,"column":10},"end":{"line":34,"column":12}},{"start":{"line":36,"column":10},"end":{"line":41,"column":12}}],"line":28},"1":{"loc":{"start":{"line":64,"column":6},"end":{"line":77,"column":11}},"type":"cond-expr","locations":[{"start":{"line":65,"column":10},"end":{"line":71,"column":11}},{"start":{"line":72,"column":10},"end":{"line":77,"column":11}}],"line":64},"2":{"loc":{"start":{"line":79,"column":6},"end":{"line":91,"column":11}},"type":"cond-expr","locations":[{"start":{"line":80,"column":10},"end":{"line":85,"column":11}},{"start":{"line":86,"column":10},"end":{"line":91,"column":11}}],"line":79},"3":{"loc":{"start":{"line":94,"column":6},"end":{"line":106,"column":11}},"type":"cond-expr","locations":[{"start":{"line":95,"column":10},"end":{"line":98,"column":11}},{"start":{"line":99,"column":10},"end":{"line":106,"column":11}}],"line":94},"4":{"loc":{"start":{"line":109,"column":6},"end":{"line":117,"column":11}},"type":"cond-expr","locations":[{"start":{"line":110,"column":10},"end":{"line":110,"column":12}},{"start":{"line":111,"column":10},"end":{"line":117,"column":11}}],"line":109}},"s":{"0":7,"1":7,"2":7,"3":1,"4":1,"5":2,"6":7},"f":{"0":7,"1":1,"2":1,"3":7},"b":{"0":[2,5],"1":[4,3],"2":[4,3],"3":[4,3],"4":[4,3]},"_coverageSchema":"1a1c01bbd47fc00a2c39e90264f33305004495a9","hash":"df7aa421b391239282c9cccf56b7ae7d4c991fb3"}
,"C:\\Users\\anacl\\Documents\\stone\\PostcardShopping\\src\\components\\ProductTile\\index.tsx": {"path":"C:\\Users\\anacl\\Documents\\stone\\PostcardShopping\\src\\components\\ProductTile\\index.tsx","statementMap":{"0":{"start":{"line":14,"column":21},"end":{"line":14,"column":48}},"1":{"start":{"line":15,"column":19},"end":{"line":15,"column":35}},"2":{"start":{"line":17,"column":31},"end":{"line":19,"column":3}},"3":{"start":{"line":18,"column":13},"end":{"line":18,"column":40}},"4":{"start":{"line":21,"column":26},"end":{"line":23,"column":3}},"5":{"start":{"line":22,"column":12},"end":{"line":22,"column":42}},"6":{"start":{"line":25,"column":2},"end":{"line":63,"column":4}},"7":{"start":{"line":30,"column":8},"end":{"line":32,"column":11}},"8":{"start":{"line":56,"column":29},"end":{"line":56,"column":58}},"9":{"start":{"line":66,"column":15},"end":{"line":108,"column":2}}},"fnMap":{"0":{"name":"ProductTile","decl":{"start":{"line":13,"column":9},"end":{"line":13,"column":20}},"loc":{"start":{"line":13,"column":52},"end":{"line":64,"column":1}},"line":13},"1":{"name":"(anonymous_1)","decl":{"start":{"line":18,"column":4},"end":{"line":18,"column":5}},"loc":{"start":{"line":18,"column":13},"end":{"line":18,"column":40}},"line":18},"2":{"name":"(anonymous_2)","decl":{"start":{"line":22,"column":4},"end":{"line":22,"column":5}},"loc":{"start":{"line":22,"column":12},"end":{"line":22,"column":42}},"line":22},"3":{"name":"(anonymous_3)","decl":{"start":{"line":29,"column":15},"end":{"line":29,"column":16}},"loc":{"start":{"line":29,"column":21},"end":{"line":33,"column":7}},"line":29},"4":{"name":"(anonymous_4)","decl":{"start":{"line":56,"column":23},"end":{"line":56,"column":24}},"loc":{"start":{"line":56,"column":29},"end":{"line":56,"column":58}},"line":56}},"branchMap":{"0":{"loc":{"start":{"line":47,"column":11},"end":{"line":59,"column":11}},"type":"cond-expr","locations":[{"start":{"line":48,"column":12},"end":{"line":52,"column":14}},{"start":{"line":54,"column":12},"end":{"line":58,"column":24}}],"line":47}},"s":{"0":4,"1":4,"2":4,"3":4,"4":4,"5":4,"6":4,"7":1,"8":1,"9":1},"f":{"0":4,"1":4,"2":4,"3":1,"4":1},"b":{"0":[2,2]},"_coverageSchema":"1a1c01bbd47fc00a2c39e90264f33305004495a9","hash":"1caaa0fd78e5d756ff141fb606e7fa1a761ddbb7"}
,"C:\\Users\\anacl\\Documents\\stone\\PostcardShopping\\src\\hooks\\useProducts.ts": {"path":"C:\\Users\\anacl\\Documents\\stone\\PostcardShopping\\src\\hooks\\useProducts.ts","statementMap":{"0":{"start":{"line":6,"column":32},"end":{"line":6,"column":46}},"1":{"start":{"line":7,"column":28},"end":{"line":7,"column":52}},"2":{"start":{"line":8,"column":34},"end":{"line":8,"column":57}},"3":{"start":{"line":9,"column":38},"end":{"line":9,"column":60}},"4":{"start":{"line":10,"column":18},"end":{"line":10,"column":57}},"5":{"start":{"line":12,"column":4},"end":{"line":12,"column":137}},"6":{"start":{"line":14,"column":24},"end":{"line":34,"column":3}},"7":{"start":{"line":15,"column":4},"end":{"line":33,"column":9}},"8":{"start":{"line":18,"column":8},"end":{"line":18,"column":39}},"9":{"start":{"line":19,"column":8},"end":{"line":19,"column":24}},"10":{"start":{"line":20,"column":35},"end":{"line":25,"column":10}},"11":{"start":{"line":21,"column":10},"end":{"line":24,"column":12}},"12":{"start":{"line":26,"column":8},"end":{"line":26,"column":40}},"13":{"start":{"line":27,"column":8},"end":{"line":27,"column":48}},"14":{"start":{"line":28,"column":8},"end":{"line":28,"column":26}},"15":{"start":{"line":31,"column":8},"end":{"line":31,"column":23}},"16":{"start":{"line":32,"column":8},"end":{"line":32,"column":26}},"17":{"start":{"line":36,"column":2},"end":{"line":38,"column":9}},"18":{"start":{"line":37,"column":4},"end":{"line":37,"column":20}},"19":{"start":{"line":40,"column":2},"end":{"line":40,"column":63}}},"fnMap":{"0":{"name":"useProducts","decl":{"start":{"line":5,"column":24},"end":{"line":5,"column":35}},"loc":{"start":{"line":5,"column":38},"end":{"line":41,"column":1}},"line":5},"1":{"name":"(anonymous_1)","decl":{"start":{"line":14,"column":24},"end":{"line":14,"column":25}},"loc":{"start":{"line":14,"column":30},"end":{"line":34,"column":3}},"line":14},"2":{"name":"(anonymous_2)","decl":{"start":{"line":17,"column":12},"end":{"line":17,"column":13}},"loc":{"start":{"line":17,"column":24},"end":{"line":29,"column":7}},"line":17},"3":{"name":"(anonymous_3)","decl":{"start":{"line":20,"column":58},"end":{"line":20,"column":59}},"loc":{"start":{"line":20,"column":69},"end":{"line":25,"column":9}},"line":20},"4":{"name":"(anonymous_4)","decl":{"start":{"line":30,"column":13},"end":{"line":30,"column":14}},"loc":{"start":{"line":30,"column":19},"end":{"line":33,"column":7}},"line":30},"5":{"name":"(anonymous_5)","decl":{"start":{"line":36,"column":12},"end":{"line":36,"column":13}},"loc":{"start":{"line":36,"column":18},"end":{"line":38,"column":3}},"line":36}},"branchMap":{},"s":{"0":7,"1":7,"2":7,"3":7,"4":7,"5":7,"6":7,"7":2,"8":1,"9":1,"10":1,"11":2,"12":1,"13":1,"14":1,"15":1,"16":1,"17":7,"18":2,"19":7},"f":{"0":7,"1":2,"2":1,"3":2,"4":1,"5":2},"b":{},"_coverageSchema":"1a1c01bbd47fc00a2c39e90264f33305004495a9","hash":"2e0b5f7a71960258072a1db0a6b0fa42a03f3dc8"}
,"C:\\Users\\anacl\\Documents\\stone\\PostcardShopping\\src\\store\\hooks.ts": {"path":"C:\\Users\\anacl\\Documents\\stone\\PostcardShopping\\src\\store\\hooks.ts","statementMap":{"0":{"start":{"line":5,"column":49},"end":{"line":5,"column":60}},"1":{"start":{"line":6,"column":63},"end":{"line":6,"column":74}}},"fnMap":{},"branchMap":{},"s":{"0":3,"1":3},"f":{},"b":{},"_coverageSchema":"1a1c01bbd47fc00a2c39e90264f33305004495a9","hash":"bd4d85400f592e8ae0b14a638808085d77f7d6ee"}
,"C:\\Users\\anacl\\Documents\\stone\\PostcardShopping\\src\\store\\index.ts": {"path":"C:\\Users\\anacl\\Documents\\stone\\PostcardShopping\\src\\store\\index.ts","statementMap":{"0":{"start":{"line":4,"column":21},"end":{"line":6,"column":2}}},"fnMap":{},"branchMap":{},"s":{"0":1},"f":{},"b":{},"_coverageSchema":"1a1c01bbd47fc00a2c39e90264f33305004495a9","hash":"5af081d3589390b249cfc582e415f10b2aebb438"}
,"C:\\Users\\anacl\\Documents\\stone\\PostcardShopping\\src\\store\\shoppingCart\\shoppingCartSlice.ts": {"path":"C:\\Users\\anacl\\Documents\\stone\\PostcardShopping\\src\\store\\shoppingCart\\shoppingCartSlice.ts","statementMap":{"0":{"start":{"line":14,"column":40},"end":{"line":16,"column":1}},"1":{"start":{"line":18,"column":33},"end":{"line":46,"column":2}},"2":{"start":{"line":23,"column":30},"end":{"line":25,"column":7}},"3":{"start":{"line":24,"column":19},"end":{"line":24,"column":59}},"4":{"start":{"line":27,"column":6},"end":{"line":29,"column":70}},"5":{"start":{"line":32,"column":22},"end":{"line":34,"column":7}},"6":{"start":{"line":33,"column":19},"end":{"line":33,"column":59}},"7":{"start":{"line":36,"column":6},"end":{"line":43,"column":7}},"8":{"start":{"line":37,"column":8},"end":{"line":42,"column":9}},"9":{"start":{"line":38,"column":10},"end":{"line":38,"column":32}},"10":{"start":{"line":40,"column":24},"end":{"line":40,"column":55}},"11":{"start":{"line":41,"column":10},"end":{"line":41,"column":42}},"12":{"start":{"line":48,"column":43},"end":{"line":48,"column":68}}},"fnMap":{"0":{"name":"(anonymous_0)","decl":{"start":{"line":22,"column":16},"end":{"line":22,"column":17}},"loc":{"start":{"line":22,"column":59},"end":{"line":30,"column":5}},"line":22},"1":{"name":"(anonymous_1)","decl":{"start":{"line":24,"column":8},"end":{"line":24,"column":9}},"loc":{"start":{"line":24,"column":19},"end":{"line":24,"column":59}},"line":24},"2":{"name":"(anonymous_2)","decl":{"start":{"line":31,"column":19},"end":{"line":31,"column":20}},"loc":{"start":{"line":31,"column":62},"end":{"line":44,"column":5}},"line":31},"3":{"name":"(anonymous_3)","decl":{"start":{"line":33,"column":8},"end":{"line":33,"column":9}},"loc":{"start":{"line":33,"column":19},"end":{"line":33,"column":59}},"line":33}},"branchMap":{"0":{"loc":{"start":{"line":27,"column":6},"end":{"line":29,"column":69}},"type":"cond-expr","locations":[{"start":{"line":28,"column":11},"end":{"line":28,"column":40}},{"start":{"line":29,"column":10},"end":{"line":29,"column":69}}],"line":27},"1":{"loc":{"start":{"line":36,"column":6},"end":{"line":43,"column":7}},"type":"if","locations":[{"start":{"line":36,"column":6},"end":{"line":43,"column":7}},{"start":{},"end":{}}],"line":36},"2":{"loc":{"start":{"line":37,"column":8},"end":{"line":42,"column":9}},"type":"if","locations":[{"start":{"line":37,"column":8},"end":{"line":42,"column":9}},{"start":{"line":39,"column":15},"end":{"line":42,"column":9}}],"line":37}},"s":{"0":4,"1":4,"2":3,"3":2,"4":3,"5":3,"6":4,"7":3,"8":2,"9":1,"10":1,"11":1,"12":4},"f":{"0":3,"1":2,"2":3,"3":4},"b":{"0":[1,2],"1":[2,1],"2":[1,1]},"_coverageSchema":"1a1c01bbd47fc00a2c39e90264f33305004495a9","hash":"03c61a4ddd215267e4f3ae900bf9caa124661946"}
,"C:\\Users\\anacl\\Documents\\stone\\PostcardShopping\\src\\utils\\test-utils.tsx": {"path":"C:\\Users\\anacl\\Documents\\stone\\PostcardShopping\\src\\utils\\test-utils.tsx","statementMap":{"0":{"start":{"line":22,"column":29},"end":{"line":22,"column":42}},"1":{"start":{"line":25,"column":4},"end":{"line":31,"column":6}},"2":{"start":{"line":34,"column":4},"end":{"line":34,"column":56}},"3":{"start":{"line":37,"column":2},"end":{"line":37,"column":56}}},"fnMap":{"0":{"name":"renderWithProviders","decl":{"start":{"line":21,"column":9},"end":{"line":21,"column":28}},"loc":{"start":{"line":21,"column":78},"end":{"line":38,"column":1}},"line":21},"1":{"name":"Wrapper","decl":{"start":{"line":33,"column":11},"end":{"line":33,"column":18}},"loc":{"start":{"line":33,"column":64},"end":{"line":35,"column":3}},"line":33}},"branchMap":{"0":{"loc":{"start":{"line":22,"column":29},"end":{"line":22,"column":42}},"type":"binary-expr","locations":[{"start":{"line":22,"column":29},"end":{"line":22,"column":36}},{"start":{"line":22,"column":40},"end":{"line":22,"column":42}}],"line":22},"1":{"loc":{"start":{"line":25,"column":4},"end":{"line":31,"column":6}},"type":"binary-expr","locations":[{"start":{"line":25,"column":4},"end":{"line":25,"column":18}},{"start":{"line":26,"column":4},"end":{"line":31,"column":6}}],"line":25}},"s":{"0":17,"1":17,"2":17,"3":17},"f":{"0":17,"1":17},"b":{"0":[17,12],"1":[17,17]},"_coverageSchema":"1a1c01bbd47fc00a2c39e90264f33305004495a9","hash":"aec31a6bf5c747ace74f1a18729a5fa8f578f5a8"}
}
