TN:
SF:src\components\DeleteDialog\index.tsx
FN:12,DeleteDialog
FN:29,(anonymous_1)
FNF:2
FNH:1
FNDA:4,DeleteDialog
FNDA:0,(anonymous_1)
DA:13,4
DA:15,4
DA:30,0
DA:31,0
DA:40,1
LF:5
LH:3
BRF:0
BRH:0
end_of_record
TN:
SF:src\components\Header\index.tsx
FN:15,Header
FN:20,(anonymous_1)
FN:25,(anonymous_2)
FN:34,(anonymous_3)
FN:45,(anonymous_4)
FN:60,(anonymous_5)
FNF:6
FNH:6
FNDA:23,Header
FNDA:23,(anonymous_1)
FNDA:9,(anonymous_2)
FNDA:1,(anonymous_3)
FNDA:1,(anonymous_4)
FNDA:1,(anonymous_5)
DA:20,23
DA:22,23
DA:24,23
DA:25,9
DA:27,23
DA:29,23
DA:35,1
DA:45,1
DA:61,1
DA:70,4
LF:10
LH:10
BRDA:24,0,0,23
BRDA:24,0,1,9
BRDA:31,1,0,23
BRDA:31,1,1,11
BRDA:41,2,0,23
BRDA:41,2,1,17
BRDA:47,3,0,17
BRDA:47,3,1,6
BRDA:56,4,0,23
BRDA:56,4,1,6
BRF:10
BRH:10
end_of_record
TN:
SF:src\components\InputSpinner\index.tsx
FN:20,InputSpinner
FN:27,(anonymous_1)
FN:49,(anonymous_2)
FN:61,(anonymous_3)
FNF:4
FNH:4
FNDA:13,InputSpinner
FNDA:1,(anonymous_1)
FNDA:1,(anonymous_2)
FNDA:13,(anonymous_3)
DA:21,13
DA:22,13
DA:23,13
DA:27,1
DA:49,1
DA:61,6
DA:62,13
LF:7
LH:7
BRDA:28,0,0,4
BRDA:28,0,1,9
BRDA:64,1,0,9
BRDA:64,1,1,4
BRDA:79,2,0,9
BRDA:79,2,1,4
BRDA:94,3,0,9
BRDA:94,3,1,4
BRDA:109,4,0,9
BRDA:109,4,1,4
BRF:10
BRH:10
end_of_record
TN:
SF:src\components\ProductTile\index.tsx
FN:13,ProductTile
FN:18,(anonymous_1)
FN:22,(anonymous_2)
FN:29,(anonymous_3)
FN:56,(anonymous_4)
FNF:5
FNH:5
FNDA:6,ProductTile
FNDA:6,(anonymous_1)
FNDA:4,(anonymous_2)
FNDA:1,(anonymous_3)
FNDA:1,(anonymous_4)
DA:14,6
DA:15,6
DA:17,6
DA:18,6
DA:21,6
DA:22,4
DA:25,6
DA:30,1
DA:56,1
DA:66,2
LF:10
LH:10
BRDA:47,0,0,2
BRDA:47,0,1,4
BRF:2
BRH:2
end_of_record
TN:
SF:src\components\ProductTileHorizontal\index.tsx
FN:12,ProductTileHorizontal
FN:21,(anonymous_1)
FNF:2
FNH:2
FNDA:5,ProductTileHorizontal
FNDA:1,(anonymous_1)
DA:13,5
DA:14,5
DA:15,5
DA:22,1
DA:47,2
LF:5
LH:5
BRF:0
BRH:0
end_of_record
TN:
SF:src\hooks\useProducts.ts
FN:5,useProducts
FN:14,(anonymous_1)
FN:17,(anonymous_2)
FN:20,(anonymous_3)
FN:21,(anonymous_4)
FN:31,(anonymous_5)
FN:37,(anonymous_6)
FNF:7
FNH:7
FNDA:14,useProducts
FNDA:4,(anonymous_1)
FNDA:2,(anonymous_2)
FNDA:4,(anonymous_3)
FNDA:4,(anonymous_4)
FNDA:2,(anonymous_5)
FNDA:4,(anonymous_6)
DA:6,14
DA:7,14
DA:8,14
DA:9,14
DA:10,14
DA:12,14
DA:14,14
DA:15,4
DA:18,2
DA:19,2
DA:20,4
DA:22,4
DA:27,2
DA:28,2
DA:29,2
DA:32,2
DA:33,2
DA:37,14
DA:38,4
DA:41,14
LF:20
LH:20
BRF:0
BRH:0
end_of_record
TN:
SF:src\screens\ProductDetail\index.tsx
FN:20,ProductDetail
FN:28,(anonymous_1)
FN:32,(anonymous_2)
FN:37,(anonymous_3)
FN:69,(anonymous_4)
FNF:5
FNH:5
FNDA:5,ProductDetail
FNDA:5,(anonymous_1)
FNDA:5,(anonymous_2)
FNDA:1,(anonymous_3)
FNDA:1,(anonymous_4)
DA:23,5
DA:25,5
DA:27,5
DA:28,5
DA:31,5
DA:32,5
DA:35,5
DA:37,5
DA:38,1
DA:41,5
DA:69,1
DA:90,1
LF:12
LH:12
BRDA:60,0,0,1
BRDA:60,0,1,4
BRF:2
BRH:2
end_of_record
TN:
SF:src\screens\Products\index.tsx
FN:15,Products
FN:45,(anonymous_1)
FNF:2
FNH:2
FNDA:7,Products
FNDA:2,(anonymous_1)
DA:16,7
DA:18,7
DA:45,2
DA:52,1
LF:4
LH:4
BRDA:26,0,0,5
BRDA:26,0,1,2
BRDA:30,1,0,1
BRDA:30,1,1,1
BRF:4
BRH:4
end_of_record
TN:
SF:src\screens\ShoppingCart\index.tsx
FN:8,ShoppingCart
FN:11,(anonymous_1)
FN:12,(anonymous_2)
FN:15,(anonymous_3)
FN:41,(anonymous_4)
FNF:5
FNH:5
FNDA:5,ShoppingCart
FNDA:4,(anonymous_1)
FNDA:3,(anonymous_2)
FNDA:1,(anonymous_3)
FNDA:3,(anonymous_4)
DA:9,5
DA:11,4
DA:12,4
DA:13,4
DA:15,4
DA:16,1
DA:19,4
DA:42,3
DA:62,1
LF:9
LH:9
BRDA:31,0,0,3
BRDA:31,0,1,1
BRF:2
BRH:2
end_of_record
TN:
SF:src\store\hooks.ts
FNF:0
FNH:0
DA:5,7
DA:6,7
LF:2
LH:2
BRF:0
BRH:0
end_of_record
TN:
SF:src\store\index.ts
FNF:0
FNH:0
DA:4,1
LF:1
LH:1
BRF:0
BRH:0
end_of_record
TN:
SF:src\store\shoppingCart\shoppingCartSlice.ts
FN:22,(anonymous_0)
FN:24,(anonymous_1)
FN:31,(anonymous_2)
FN:33,(anonymous_3)
FN:45,(anonymous_4)
FNF:5
FNH:5
FNDA:3,(anonymous_0)
FNDA:2,(anonymous_1)
FNDA:3,(anonymous_2)
FNDA:4,(anonymous_3)
FNDA:1,(anonymous_4)
DA:14,8
DA:18,8
DA:23,3
DA:24,2
DA:27,3
DA:32,3
DA:33,4
DA:36,3
DA:37,2
DA:38,1
DA:40,1
DA:41,1
DA:46,1
DA:52,8
LF:14
LH:14
BRDA:27,0,0,1
BRDA:27,0,1,2
BRDA:36,1,0,2
BRDA:36,1,1,1
BRDA:37,2,0,1
BRDA:37,2,1,1
BRF:6
BRH:6
end_of_record
TN:
SF:src\utils\test-utils.tsx
FN:21,renderWithProviders
FN:33,Wrapper
FNF:2
FNH:2
FNDA:28,renderWithProviders
FNDA:28,Wrapper
DA:22,28
DA:25,28
DA:34,28
DA:37,28
LF:4
LH:4
BRDA:22,0,0,28
BRDA:22,0,1,16
BRDA:25,1,0,28
BRDA:25,1,1,28
BRF:4
BRH:4
end_of_record
