TN:
SF:src\components\Header\index.tsx
FN:15,Header
FN:20,(anonymous_1)
FN:25,(anonymous_2)
FN:34,(anonymous_3)
FN:45,(anonymous_4)
FN:60,(anonymous_5)
FNF:6
FNH:6
FNDA:8,Header
FNDA:8,(anonymous_1)
FNDA:1,(anonymous_2)
FNDA:1,(anonymous_3)
FNDA:1,(anonymous_4)
FNDA:1,(anonymous_5)
DA:20,8
DA:22,8
DA:24,8
DA:25,1
DA:27,8
DA:29,8
DA:35,1
DA:45,1
DA:61,1
DA:70,1
LF:10
LH:10
BRDA:24,0,0,8
BRDA:24,0,1,1
BRDA:31,1,0,8
BRDA:31,1,1,6
BRDA:41,2,0,8
BRDA:41,2,1,6
BRDA:47,3,0,6
BRDA:47,3,1,1
BRDA:56,4,0,8
BRDA:56,4,1,2
BRF:10
BRH:10
end_of_record
TN:
SF:src\components\InputSpinner\index.tsx
FN:20,InputSpinner
FN:27,(anonymous_1)
FN:49,(anonymous_2)
FN:61,(anonymous_3)
FNF:4
FNH:4
FNDA:7,InputSpinner
FNDA:1,(anonymous_1)
FNDA:1,(anonymous_2)
FNDA:7,(anonymous_3)
DA:21,7
DA:22,7
DA:23,7
DA:27,1
DA:49,1
DA:61,2
DA:62,7
LF:7
LH:7
BRDA:28,0,0,2
BRDA:28,0,1,5
BRDA:64,1,0,4
BRDA:64,1,1,3
BRDA:79,2,0,4
BRDA:79,2,1,3
BRDA:94,3,0,4
BRDA:94,3,1,3
BRDA:109,4,0,4
BRDA:109,4,1,3
BRF:10
BRH:10
end_of_record
TN:
SF:src\components\ProductTile\index.tsx
FN:13,ProductTile
FN:18,(anonymous_1)
FN:22,(anonymous_2)
FN:29,(anonymous_3)
FN:56,(anonymous_4)
FNF:5
FNH:5
FNDA:4,ProductTile
FNDA:4,(anonymous_1)
FNDA:4,(anonymous_2)
FNDA:1,(anonymous_3)
FNDA:1,(anonymous_4)
DA:14,4
DA:15,4
DA:17,4
DA:18,4
DA:21,4
DA:22,4
DA:25,4
DA:30,1
DA:56,1
DA:66,1
LF:10
LH:10
BRDA:47,0,0,2
BRDA:47,0,1,2
BRF:2
BRH:2
end_of_record
TN:
SF:src\hooks\useProducts.ts
FN:5,useProducts
FN:14,(anonymous_1)
FN:17,(anonymous_2)
FN:20,(anonymous_3)
FN:30,(anonymous_4)
FN:36,(anonymous_5)
FNF:6
FNH:6
FNDA:7,useProducts
FNDA:2,(anonymous_1)
FNDA:1,(anonymous_2)
FNDA:2,(anonymous_3)
FNDA:1,(anonymous_4)
FNDA:2,(anonymous_5)
DA:6,7
DA:7,7
DA:8,7
DA:9,7
DA:10,7
DA:12,7
DA:14,7
DA:15,2
DA:18,1
DA:19,1
DA:20,1
DA:21,2
DA:26,1
DA:27,1
DA:28,1
DA:31,1
DA:32,1
DA:36,7
DA:37,2
DA:40,7
LF:20
LH:20
BRF:0
BRH:0
end_of_record
TN:
SF:src\store\hooks.ts
FNF:0
FNH:0
DA:5,3
DA:6,3
LF:2
LH:2
BRF:0
BRH:0
end_of_record
TN:
SF:src\store\index.ts
FNF:0
FNH:0
DA:4,1
LF:1
LH:1
BRF:0
BRH:0
end_of_record
TN:
SF:src\store\shoppingCart\shoppingCartSlice.ts
FN:22,(anonymous_0)
FN:24,(anonymous_1)
FN:31,(anonymous_2)
FN:33,(anonymous_3)
FNF:4
FNH:4
FNDA:3,(anonymous_0)
FNDA:2,(anonymous_1)
FNDA:3,(anonymous_2)
FNDA:4,(anonymous_3)
DA:14,4
DA:18,4
DA:23,3
DA:24,2
DA:27,3
DA:32,3
DA:33,4
DA:36,3
DA:37,2
DA:38,1
DA:40,1
DA:41,1
DA:48,4
LF:13
LH:13
BRDA:27,0,0,1
BRDA:27,0,1,2
BRDA:36,1,0,2
BRDA:36,1,1,1
BRDA:37,2,0,1
BRDA:37,2,1,1
BRF:6
BRH:6
end_of_record
TN:
SF:src\utils\test-utils.tsx
FN:21,renderWithProviders
FN:33,Wrapper
FNF:2
FNH:2
FNDA:17,renderWithProviders
FNDA:17,Wrapper
DA:22,17
DA:25,17
DA:34,17
DA:37,17
LF:4
LH:4
BRDA:22,0,0,17
BRDA:22,0,1,12
BRDA:25,1,0,17
BRDA:25,1,1,17
BRF:4
BRH:4
end_of_record
